<?xml version="1.0" encoding="UTF-8"?>
<!-- Generated by org.testng.reporters.JUnitReportReporter -->
<testsuite hostname="DESKTOP-NSKERIB" failures="0" tests="2" name="loan.HomeLoan" time="0.007" errors="0" timestamp="2024-02-29T14:00:57 IST" skipped="0">
  <testcase classname="loan.HomeLoan" name="homeLoanSanction" time="0.001"/>
  <testcase classname="loan.HomeLoan" name="homeLoanEligibility" time="0.006"/>
</testsuite> <!-- loan.HomeLoan -->
